0 info it worked if it ends with ok
1 verbose cli [ '/Users/hlandao/.nvm/versions/node/v5.9.0/bin/node',
1 verbose cli   '/Users/hlandao/.nvm/versions/node/v5.9.0/bin/npm',
1 verbose cli   'publish',
1 verbose cli   '--verbose' ]
2 info using npm@3.8.6
3 info using node@v5.9.0
4 verbose publish [ '.' ]
5 silly cache add args [ '.', null ]
6 verbose cache add spec .
7 silly cache add parsed spec Result {
7 silly cache add   raw: '.',
7 silly cache add   scope: null,
7 silly cache add   name: null,
7 silly cache add   rawSpec: '.',
7 silly cache add   spec: '/Users/hlandao/Development/swagger-to-typescript',
7 silly cache add   type: 'directory' }
8 verbose addLocalDirectory /Users/hlandao/.npm/swagger-to-typescript/1.0.10/package.tgz not in flight; packing
9 verbose correctMkdir /Users/hlandao/.npm correctMkdir not in flight; initializing
10 info lifecycle swagger-to-typescript@1.0.10~prepublish: swagger-to-typescript@1.0.10
11 silly lifecycle swagger-to-typescript@1.0.10~prepublish: no script for prepublish, continuing
12 verbose tar pack [ '/Users/hlandao/.npm/swagger-to-typescript/1.0.10/package.tgz',
12 verbose tar pack   '/Users/hlandao/Development/swagger-to-typescript' ]
13 verbose tarball /Users/hlandao/.npm/swagger-to-typescript/1.0.10/package.tgz
14 verbose folder /Users/hlandao/Development/swagger-to-typescript
15 verbose addLocalTarball adding from inside cache /Users/hlandao/.npm/swagger-to-typescript/1.0.10/package.tgz
16 verbose correctMkdir /Users/hlandao/.npm correctMkdir not in flight; initializing
17 silly cache afterAdd swagger-to-typescript@1.0.10
18 verbose afterAdd /Users/hlandao/.npm/swagger-to-typescript/1.0.10/package/package.json not in flight; writing
19 verbose correctMkdir /Users/hlandao/.npm correctMkdir not in flight; initializing
20 verbose afterAdd /Users/hlandao/.npm/swagger-to-typescript/1.0.10/package/package.json written
21 silly publish { name: 'swagger-to-typescript',
21 silly publish   version: '1.0.10',
21 silly publish   description: 'Swagger YAML to Typescript typings',
21 silly publish   main: 'swagger.js',
21 silly publish   scripts: { test: 'echo "Error: no test specified" && exit 1' },
21 silly publish   repository:
21 silly publish    { type: 'git',
21 silly publish      url: 'git+https://github.com/hlandao/swagger-to-typescript.git' },
21 silly publish   author: '',
21 silly publish   license: 'ISC',
21 silly publish   readme: '# swagger-to-typescript\n',
21 silly publish   readmeFilename: 'README.md',
21 silly publish   gitHead: '880a0a3577a1b52280bcb9b29fd519b129818c5d',
21 silly publish   bugs: { url: 'https://github.com/hlandao/swagger-to-typescript/issues' },
21 silly publish   homepage: 'https://github.com/hlandao/swagger-to-typescript#readme',
21 silly publish   _id: 'swagger-to-typescript@1.0.10',
21 silly publish   _shasum: 'a662ff9d4f32fbab4ad863836af7455f9bc737b5',
21 silly publish   _from: '.' }
22 verbose getPublishConfig undefined
23 silly mapToRegistry name swagger-to-typescript
24 silly mapToRegistry using default registry
25 silly mapToRegistry registry https://registry.npmjs.org/
26 silly mapToRegistry data Result {
26 silly mapToRegistry   raw: 'swagger-to-typescript',
26 silly mapToRegistry   scope: null,
26 silly mapToRegistry   name: 'swagger-to-typescript',
26 silly mapToRegistry   rawSpec: '',
26 silly mapToRegistry   spec: 'latest',
26 silly mapToRegistry   type: 'tag' }
27 silly mapToRegistry uri https://registry.npmjs.org/swagger-to-typescript
28 verbose publish registryBase https://registry.npmjs.org/
29 silly publish uploading /Users/hlandao/.npm/swagger-to-typescript/1.0.10/package.tgz
30 verbose request uri https://registry.npmjs.org/swagger-to-typescript
31 verbose request sending authorization for write operation
32 info attempt registry request try #1 at 7:21:47 PM
33 verbose request using bearer token for auth
34 verbose request id 8cc602def7c41f7f
35 http request PUT https://registry.npmjs.org/swagger-to-typescript
36 http 503 https://registry.npmjs.org/swagger-to-typescript
37 verbose bad json <?xml version="1.0" encoding="utf-8"?>
37 verbose bad json <!DOCTYPE html PUBLIC "-//W3C//DTD XHTML 1.0 Strict//EN"
37 verbose bad json  "http://www.w3.org/TR/xhtml1/DTD/xhtml1-strict.dtd">
37 verbose bad json <html>
37 verbose bad json   <head>
37 verbose bad json     <title>503 backend write error</title>
37 verbose bad json   </head>
37 verbose bad json   <body>
37 verbose bad json     <h1>Error 503 backend write error</h1>
37 verbose bad json     <p>backend write error</p>
37 verbose bad json     <h3>Guru Mediation:</h3>
37 verbose bad json     <p>Details: cache-fra1232-FRA 1460564625 1751951622</p>
37 verbose bad json     <hr>
37 verbose bad json     <p>Varnish cache server</p>
37 verbose bad json   </body>
37 verbose bad json </html>
38 error registry error parsing json
39 verbose headers { server: 'Varnish',
39 verbose headers   'retry-after': '0',
39 verbose headers   'content-type': 'text/html; charset=utf-8',
39 verbose headers   'content-length': '451',
39 verbose headers   'accept-ranges': 'bytes',
39 verbose headers   date: 'Wed, 13 Apr 2016 16:23:45 GMT',
39 verbose headers   via: '1.1 varnish',
39 verbose headers   connection: 'close',
39 verbose headers   'x-served-by': 'cache-fra1232-FRA',
39 verbose headers   'x-cache': 'MISS',
39 verbose headers   'x-cache-hits': '0',
39 verbose headers   'x-timer': 'S1460564504.901021,VS0,VE120508' }
40 info retry will retry, error on last attempt: SyntaxError: Unexpected token <
40 info retry
40 info retry <?xml version="1.0" encoding="utf-8"?>
40 info retry <!DOCTYPE html PUBLIC "-//W3C//DTD XHTML 1.0 Strict//EN"
40 info retry  "http://www.w3.org/TR/xhtml1/DTD/xhtml1-strict.dtd">
40 info retry <html>
40 info retry   <head>
40 info retry     <title>503 backend write error</title>
40 info retry   </head>
40 info retry   <body>
40 info retry     <h1>Error 503 backend write error</h1>
40 info retry     <p>backend write error</p>
40 info retry     <h3>Guru Mediation:</h3>
40 info retry     <p>Details: cache-fra1232-FRA 1460564625 1751951622</p>
40 info retry     <hr>
40 info retry     <p>Varnish cache server</p>
40 info retry   </body>
40 info retry </html>
41 info attempt registry request try #2 at 7:23:59 PM
42 verbose request using bearer token for auth
43 http request PUT https://registry.npmjs.org/swagger-to-typescript
44 info retry will retry, error on last attempt: Error: getaddrinfo ENOTFOUND registry.npmjs.org registry.npmjs.org:443
45 info attempt registry request try #3 at 7:25:29 PM
46 verbose request using bearer token for auth
47 http request PUT https://registry.npmjs.org/swagger-to-typescript
48 verbose request invalidating /Users/hlandao/.npm/registry.npmjs.org/swagger-to-typescript on PUT
49 error publish Failed PUT undefined
50 verbose stack Error: write EPIPE
50 verbose stack     at exports._errnoException (util.js:890:11)
50 verbose stack     at WriteWrap.afterWrite (net.js:771:14)
51 verbose cwd /Users/hlandao/Development/swagger-to-typescript
52 error Darwin 15.4.0
53 error argv "/Users/hlandao/.nvm/versions/node/v5.9.0/bin/node" "/Users/hlandao/.nvm/versions/node/v5.9.0/bin/npm" "publish" "--verbose"
54 error node v5.9.0
55 error npm  v3.8.6
56 error code EPIPE
57 error errno EPIPE
58 error syscall write
59 error write EPIPE
60 error If you need help, you may report this error at:
60 error     <https://github.com/npm/npm/issues>
61 verbose exit [ 1, true ]
